2024-11-23 00:54:50,812 - tts_service - INFO - Initializing TTS Service
2024-11-23 00:54:50,813 - tts_service - INFO - Initializing voice: amy (medium)
2024-11-23 00:54:50,910 - tts_service - INFO - Successfully initialized amy (medium)
2024-11-23 00:54:50,910 - tts_service - INFO - Initializing voice: amy (low)
2024-11-23 00:54:50,911 - tts_service - INFO - Successfully initialized amy (low)
2024-11-23 00:54:50,912 - tts_service - INFO - Initializing voice: arctic (medium)
2024-11-23 00:54:50,913 - tts_service - INFO - Successfully initialized arctic (medium)
2024-11-23 00:54:50,913 - tts_service - INFO - Initializing voice: bryce (medium)
2024-11-23 00:54:50,915 - tts_service - INFO - Successfully initialized bryce (medium)
2024-11-23 00:54:50,915 - tts_service - INFO - Initializing voice: danny (low)
2024-11-23 00:54:50,915 - tts_service - INFO - Successfully initialized danny (low)
2024-11-23 00:54:50,916 - tts_service - INFO - Initializing voice: john (medium)
2024-11-23 00:54:50,918 - tts_service - INFO - Successfully initialized john (medium)
2024-11-23 00:54:50,919 - tts_service - INFO - Initializing voice: kathleen (low)
2024-11-23 00:54:50,920 - tts_service - INFO - Successfully initialized kathleen (low)
2024-11-23 00:54:50,921 - tts_service - INFO - Initializing voice: kristin (medium)
2024-11-23 00:54:50,922 - tts_service - INFO - Successfully initialized kristin (medium)
2024-11-23 00:54:50,923 - tts_service - INFO - Initializing voice: ljspeech (high)
2024-11-23 00:54:50,924 - tts_service - INFO - Successfully initialized ljspeech (high)
2024-11-23 00:54:50,925 - tts_service - INFO - Initializing voice: ljspeech (medium)
2024-11-23 00:54:50,926 - tts_service - INFO - Successfully initialized ljspeech (medium)
2024-11-23 00:54:50,926 - tts_service - INFO - Initializing voice: norman (medium)
2024-11-23 00:54:50,927 - tts_service - INFO - Successfully initialized norman (medium)
2024-11-23 00:54:50,928 - tts_service - INFO - Voice initialization completed
